{"C:\\Users\\Viktor\\Desktop\\Programing\\BCIT\\HTML\\Term2\\WorkspaceNodeJs\\Starbucks-Project\\get_current_ip.js": {"path":"C:\\Users\\Viktor\\Desktop\\Programing\\BCIT\\HTML\\Term2\\WorkspaceNodeJs\\Starbucks-Project\\get_current_ip.js","statementMap":{"0":{"start":{"line":4,"column":16},"end":{"line":4,"column":34}},"1":{"start":{"line":5,"column":19},"end":{"line":5,"column":21}},"2":{"start":{"line":11,"column":21},"end":{"line":32,"column":1}},"3":{"start":{"line":12,"column":1},"end":{"line":31,"column":3}},"4":{"start":{"line":13,"column":2},"end":{"line":30,"column":4}},"5":{"start":{"line":16,"column":3},"end":{"line":29,"column":4}},"6":{"start":{"line":17,"column":4},"end":{"line":17,"column":28}},"7":{"start":{"line":20,"column":4},"end":{"line":20,"column":31}},"8":{"start":{"line":21,"column":4},"end":{"line":21,"column":38}},"9":{"start":{"line":22,"column":4},"end":{"line":22,"column":30}},"10":{"start":{"line":23,"column":4},"end":{"line":23,"column":35}},"11":{"start":{"line":24,"column":4},"end":{"line":24,"column":36}},"12":{"start":{"line":25,"column":4},"end":{"line":28,"column":7}},"13":{"start":{"line":34,"column":0},"end":{"line":36,"column":1}}},"fnMap":{"0":{"name":"(anonymous_0)","decl":{"start":{"line":11,"column":21},"end":{"line":11,"column":22}},"loc":{"start":{"line":11,"column":27},"end":{"line":32,"column":1}},"line":11},"1":{"name":"(anonymous_1)","decl":{"start":{"line":12,"column":20},"end":{"line":12,"column":21}},"loc":{"start":{"line":12,"column":40},"end":{"line":31,"column":2}},"line":12},"2":{"name":"(anonymous_2)","decl":{"start":{"line":15,"column":5},"end":{"line":15,"column":6}},"loc":{"start":{"line":15,"column":31},"end":{"line":30,"column":3}},"line":15}},"branchMap":{"0":{"loc":{"start":{"line":16,"column":3},"end":{"line":29,"column":4}},"type":"if","locations":[{"start":{"line":16,"column":3},"end":{"line":29,"column":4}},{"start":{"line":16,"column":3},"end":{"line":29,"column":4}}],"line":16}},"s":{"0":1,"1":1,"2":1,"3":0,"4":0,"5":0,"6":0,"7":0,"8":0,"9":0,"10":0,"11":0,"12":0,"13":1},"f":{"0":0,"1":0,"2":0},"b":{"0":[0,0]},"_coverageSchema":"332fd63041d2c1bcb487cc26dd0d5f7d97098a6c","hash":"aac44f57889352b40471a10fc947cf278a2ceffc"}
,"C:\\Users\\Viktor\\Desktop\\Programing\\BCIT\\HTML\\Term2\\WorkspaceNodeJs\\Starbucks-Project\\maps.js": {"path":"C:\\Users\\Viktor\\Desktop\\Programing\\BCIT\\HTML\\Term2\\WorkspaceNodeJs\\Starbucks-Project\\maps.js","statementMap":{"0":{"start":{"line":1,"column":16},"end":{"line":1,"column":34}},"1":{"start":{"line":2,"column":11},"end":{"line":2,"column":24}},"2":{"start":{"line":3,"column":19},"end":{"line":3,"column":21}},"3":{"start":{"line":10,"column":22},"end":{"line":30,"column":1}},"4":{"start":{"line":11,"column":1},"end":{"line":29,"column":4}},"5":{"start":{"line":12,"column":2},"end":{"line":28,"column":5}},"6":{"start":{"line":16,"column":3},"end":{"line":27,"column":4}},"7":{"start":{"line":17,"column":4},"end":{"line":17,"column":38}},"8":{"start":{"line":19,"column":8},"end":{"line":27,"column":4}},"9":{"start":{"line":21,"column":4},"end":{"line":23,"column":5}},"10":{"start":{"line":22,"column":5},"end":{"line":22,"column":58}},"11":{"start":{"line":24,"column":16},"end":{"line":24,"column":70}},"12":{"start":{"line":25,"column":16},"end":{"line":25,"column":47}},"13":{"start":{"line":26,"column":16},"end":{"line":26,"column":35}},"14":{"start":{"line":37,"column":17},"end":{"line":58,"column":1}},"15":{"start":{"line":38,"column":4},"end":{"line":56,"column":6}},"16":{"start":{"line":39,"column":4},"end":{"line":55,"column":7}},"17":{"start":{"line":44,"column":8},"end":{"line":54,"column":9}},"18":{"start":{"line":45,"column":12},"end":{"line":45,"column":53}},"19":{"start":{"line":47,"column":15},"end":{"line":54,"column":9}},"20":{"start":{"line":48,"column":12},"end":{"line":48,"column":53}},"21":{"start":{"line":49,"column":15},"end":{"line":54,"column":9}},"22":{"start":{"line":50,"column":12},"end":{"line":53,"column":15}},"23":{"start":{"line":60,"column":0},"end":{"line":63,"column":2}},"24":{"start":{"line":64,"column":0},"end":{"line":64,"column":43}}},"fnMap":{"0":{"name":"(anonymous_0)","decl":{"start":{"line":10,"column":22},"end":{"line":10,"column":23}},"loc":{"start":{"line":10,"column":37},"end":{"line":30,"column":1}},"line":10},"1":{"name":"(anonymous_1)","decl":{"start":{"line":11,"column":20},"end":{"line":11,"column":21}},"loc":{"start":{"line":11,"column":41},"end":{"line":29,"column":2}},"line":11},"2":{"name":"(anonymous_2)","decl":{"start":{"line":15,"column":5},"end":{"line":15,"column":6}},"loc":{"start":{"line":15,"column":32},"end":{"line":28,"column":3}},"line":15},"3":{"name":"(anonymous_3)","decl":{"start":{"line":37,"column":17},"end":{"line":37,"column":18}},"loc":{"start":{"line":37,"column":30},"end":{"line":58,"column":1}},"line":37},"4":{"name":"(anonymous_4)","decl":{"start":{"line":38,"column":23},"end":{"line":38,"column":24}},"loc":{"start":{"line":38,"column":42},"end":{"line":56,"column":5}},"line":38},"5":{"name":"(anonymous_5)","decl":{"start":{"line":43,"column":7},"end":{"line":43,"column":8}},"loc":{"start":{"line":43,"column":34},"end":{"line":55,"column":5}},"line":43}},"branchMap":{"0":{"loc":{"start":{"line":16,"column":3},"end":{"line":27,"column":4}},"type":"if","locations":[{"start":{"line":16,"column":3},"end":{"line":27,"column":4}},{"start":{"line":16,"column":3},"end":{"line":27,"column":4}}],"line":16},"1":{"loc":{"start":{"line":19,"column":8},"end":{"line":27,"column":4}},"type":"if","locations":[{"start":{"line":19,"column":8},"end":{"line":27,"column":4}},{"start":{"line":19,"column":8},"end":{"line":27,"column":4}}],"line":19},"2":{"loc":{"start":{"line":44,"column":8},"end":{"line":54,"column":9}},"type":"if","locations":[{"start":{"line":44,"column":8},"end":{"line":54,"column":9}},{"start":{"line":44,"column":8},"end":{"line":54,"column":9}}],"line":44},"3":{"loc":{"start":{"line":47,"column":15},"end":{"line":54,"column":9}},"type":"if","locations":[{"start":{"line":47,"column":15},"end":{"line":54,"column":9}},{"start":{"line":47,"column":15},"end":{"line":54,"column":9}}],"line":47},"4":{"loc":{"start":{"line":49,"column":15},"end":{"line":54,"column":9}},"type":"if","locations":[{"start":{"line":49,"column":15},"end":{"line":54,"column":9}},{"start":{"line":49,"column":15},"end":{"line":54,"column":9}}],"line":49}},"s":{"0":1,"1":1,"2":1,"3":1,"4":0,"5":0,"6":0,"7":0,"8":0,"9":0,"10":0,"11":0,"12":0,"13":0,"14":1,"15":0,"16":0,"17":0,"18":0,"19":0,"20":0,"21":0,"22":0,"23":1,"24":1},"f":{"0":0,"1":0,"2":0,"3":0,"4":0,"5":0},"b":{"0":[0,0],"1":[0,0],"2":[0,0],"3":[0,0],"4":[0,0]},"_coverageSchema":"332fd63041d2c1bcb487cc26dd0d5f7d97098a6c","hash":"8a8acf26a8bf02d140eb807ddddd316d9c6435bb"}
,"C:\\Users\\Viktor\\Desktop\\Programing\\BCIT\\HTML\\Term2\\WorkspaceNodeJs\\Starbucks-Project\\server.js": {"path":"C:\\Users\\Viktor\\Desktop\\Programing\\BCIT\\HTML\\Term2\\WorkspaceNodeJs\\Starbucks-Project\\server.js","statementMap":{"0":{"start":{"line":1,"column":16},"end":{"line":1,"column":34}},"1":{"start":{"line":2,"column":11},"end":{"line":2,"column":24}},"2":{"start":{"line":3,"column":19},"end":{"line":3,"column":41}},"3":{"start":{"line":4,"column":12},"end":{"line":4,"column":26}},"4":{"start":{"line":5,"column":13},"end":{"line":5,"column":33}},"5":{"start":{"line":6,"column":19},"end":{"line":6,"column":49}},"6":{"start":{"line":7,"column":20},"end":{"line":7,"column":69}},"7":{"start":{"line":8,"column":15},"end":{"line":8,"column":32}},"8":{"start":{"line":9,"column":14},"end":{"line":9,"column":30}},"9":{"start":{"line":11,"column":10},"end":{"line":11,"column":19}},"10":{"start":{"line":12,"column":13},"end":{"line":12,"column":37}},"11":{"start":{"line":14,"column":0},"end":{"line":14,"column":52}},"12":{"start":{"line":15,"column":0},"end":{"line":15,"column":46}},"13":{"start":{"line":16,"column":0},"end":{"line":18,"column":4}},"14":{"start":{"line":20,"column":11},"end":{"line":20,"column":13}},"15":{"start":{"line":21,"column":12},"end":{"line":21,"column":14}},"16":{"start":{"line":22,"column":16},"end":{"line":22,"column":18}},"17":{"start":{"line":23,"column":19},"end":{"line":23,"column":21}},"18":{"start":{"line":24,"column":18},"end":{"line":24,"column":20}},"19":{"start":{"line":25,"column":16},"end":{"line":25,"column":18}},"20":{"start":{"line":26,"column":14},"end":{"line":26,"column":16}},"21":{"start":{"line":32,"column":10},"end":{"line":38,"column":2}},"22":{"start":{"line":39,"column":11},"end":{"line":39,"column":13}},"23":{"start":{"line":41,"column":18},"end":{"line":48,"column":1}},"24":{"start":{"line":42,"column":4},"end":{"line":47,"column":6}},"25":{"start":{"line":43,"column":8},"end":{"line":46,"column":10}},"26":{"start":{"line":44,"column":12},"end":{"line":44,"column":59}},"27":{"start":{"line":50,"column":19},"end":{"line":58,"column":1}},"28":{"start":{"line":51,"column":4},"end":{"line":57,"column":6}},"29":{"start":{"line":52,"column":8},"end":{"line":52,"column":25}},"30":{"start":{"line":53,"column":8},"end":{"line":56,"column":10}},"31":{"start":{"line":55,"column":12},"end":{"line":55,"column":64}},"32":{"start":{"line":60,"column":21},"end":{"line":75,"column":1}},"33":{"start":{"line":61,"column":4},"end":{"line":74,"column":6}},"34":{"start":{"line":62,"column":8},"end":{"line":62,"column":113}},"35":{"start":{"line":63,"column":8},"end":{"line":72,"column":10}},"36":{"start":{"line":64,"column":22},"end":{"line":64,"column":41}},"37":{"start":{"line":65,"column":12},"end":{"line":65,"column":28}},"38":{"start":{"line":66,"column":12},"end":{"line":71,"column":13}},"39":{"start":{"line":67,"column":16},"end":{"line":67,"column":25}},"40":{"start":{"line":70,"column":16},"end":{"line":70,"column":24}},"41":{"start":{"line":77,"column":19},"end":{"line":79,"column":1}},"42":{"start":{"line":78,"column":4},"end":{"line":78,"column":104}},"43":{"start":{"line":87,"column":12},"end":{"line":127,"column":1}},"44":{"start":{"line":88,"column":4},"end":{"line":126,"column":6}},"45":{"start":{"line":89,"column":8},"end":{"line":125,"column":9}},"46":{"start":{"line":90,"column":12},"end":{"line":118,"column":14}},"47":{"start":{"line":91,"column":16},"end":{"line":91,"column":33}},"48":{"start":{"line":93,"column":16},"end":{"line":96,"column":17}},"49":{"start":{"line":95,"column":20},"end":{"line":95,"column":156}},"50":{"start":{"line":99,"column":16},"end":{"line":117,"column":18}},"51":{"start":{"line":100,"column":20},"end":{"line":100,"column":43}},"52":{"start":{"line":101,"column":20},"end":{"line":112,"column":22}},"53":{"start":{"line":102,"column":24},"end":{"line":102,"column":62}},"54":{"start":{"line":103,"column":24},"end":{"line":103,"column":41}},"55":{"start":{"line":104,"column":24},"end":{"line":106,"column":25}},"56":{"start":{"line":105,"column":28},"end":{"line":105,"column":228}},"57":{"start":{"line":107,"column":24},"end":{"line":111,"column":26}},"58":{"start":{"line":121,"column":16},"end":{"line":123,"column":19}},"59":{"start":{"line":136,"column":17},"end":{"line":151,"column":1}},"60":{"start":{"line":137,"column":4},"end":{"line":149,"column":6}},"61":{"start":{"line":138,"column":8},"end":{"line":147,"column":9}},"62":{"start":{"line":140,"column":12},"end":{"line":140,"column":37}},"63":{"start":{"line":141,"column":12},"end":{"line":146,"column":13}},"64":{"start":{"line":142,"column":16},"end":{"line":142,"column":59}},"65":{"start":{"line":143,"column":16},"end":{"line":143,"column":35}},"66":{"start":{"line":144,"column":16},"end":{"line":144,"column":27}},"67":{"start":{"line":145,"column":16},"end":{"line":145,"column":26}},"68":{"start":{"line":148,"column":8},"end":{"line":148,"column":17}},"69":{"start":{"line":159,"column":13},"end":{"line":178,"column":1}},"70":{"start":{"line":160,"column":4},"end":{"line":177,"column":6}},"71":{"start":{"line":161,"column":8},"end":{"line":176,"column":9}},"72":{"start":{"line":162,"column":23},"end":{"line":162,"column":37}},"73":{"start":{"line":163,"column":12},"end":{"line":163,"column":70}},"74":{"start":{"line":164,"column":22},"end":{"line":167,"column":13}},"75":{"start":{"line":168,"column":12},"end":{"line":171,"column":14}},"76":{"start":{"line":169,"column":16},"end":{"line":169,"column":32}},"77":{"start":{"line":170,"column":16},"end":{"line":170,"column":33}},"78":{"start":{"line":173,"column":12},"end":{"line":175,"column":15}},"79":{"start":{"line":180,"column":16},"end":{"line":182,"column":1}},"80":{"start":{"line":181,"column":4},"end":{"line":181,"column":63}},"81":{"start":{"line":184,"column":19},"end":{"line":192,"column":1}},"82":{"start":{"line":185,"column":15},"end":{"line":185,"column":17}},"83":{"start":{"line":186,"column":19},"end":{"line":186,"column":83}},"84":{"start":{"line":188,"column":4},"end":{"line":190,"column":5}},"85":{"start":{"line":189,"column":8},"end":{"line":189,"column":77}},"86":{"start":{"line":191,"column":4},"end":{"line":191,"column":15}},"87":{"start":{"line":200,"column":20},"end":{"line":223,"column":1}},"88":{"start":{"line":201,"column":4},"end":{"line":218,"column":5}},"89":{"start":{"line":202,"column":8},"end":{"line":213,"column":9}},"90":{"start":{"line":203,"column":12},"end":{"line":211,"column":13}},"91":{"start":{"line":205,"column":16},"end":{"line":210,"column":17}},"92":{"start":{"line":206,"column":20},"end":{"line":208,"column":23}},"93":{"start":{"line":209,"column":20},"end":{"line":209,"column":28}},"94":{"start":{"line":212,"column":12},"end":{"line":212,"column":20}},"95":{"start":{"line":214,"column":8},"end":{"line":216,"column":11}},"96":{"start":{"line":217,"column":8},"end":{"line":217,"column":16}},"97":{"start":{"line":219,"column":4},"end":{"line":221,"column":7}},"98":{"start":{"line":222,"column":4},"end":{"line":222,"column":12}},"99":{"start":{"line":232,"column":20},"end":{"line":247,"column":1}},"100":{"start":{"line":233,"column":4},"end":{"line":242,"column":5}},"101":{"start":{"line":234,"column":8},"end":{"line":241,"column":9}},"102":{"start":{"line":235,"column":12},"end":{"line":237,"column":15}},"103":{"start":{"line":238,"column":12},"end":{"line":238,"column":20}},"104":{"start":{"line":240,"column":12},"end":{"line":240,"column":20}},"105":{"start":{"line":243,"column":4},"end":{"line":245,"column":7}},"106":{"start":{"line":246,"column":4},"end":{"line":246,"column":12}},"107":{"start":{"line":251,"column":0},"end":{"line":251,"column":30}},"108":{"start":{"line":253,"column":0},"end":{"line":255,"column":3}},"109":{"start":{"line":254,"column":4},"end":{"line":254,"column":33}},"110":{"start":{"line":257,"column":0},"end":{"line":259,"column":3}},"111":{"start":{"line":258,"column":4},"end":{"line":258,"column":36}},"112":{"start":{"line":261,"column":0},"end":{"line":263,"column":3}},"113":{"start":{"line":262,"column":4},"end":{"line":262,"column":29}},"114":{"start":{"line":265,"column":0},"end":{"line":269,"column":2}},"115":{"start":{"line":266,"column":17},"end":{"line":266,"column":47}},"116":{"start":{"line":267,"column":24},"end":{"line":267,"column":42}},"117":{"start":{"line":268,"column":4},"end":{"line":268,"column":24}},"118":{"start":{"line":271,"column":0},"end":{"line":273,"column":3}},"119":{"start":{"line":272,"column":4},"end":{"line":272,"column":30}},"120":{"start":{"line":275,"column":0},"end":{"line":280,"column":3}},"121":{"start":{"line":276,"column":4},"end":{"line":276,"column":39}},"122":{"start":{"line":277,"column":4},"end":{"line":277,"column":37}},"123":{"start":{"line":278,"column":4},"end":{"line":279,"column":6}},"124":{"start":{"line":289,"column":0},"end":{"line":322,"column":2}},"125":{"start":{"line":290,"column":4},"end":{"line":290,"column":32}},"126":{"start":{"line":291,"column":4},"end":{"line":321,"column":6}},"127":{"start":{"line":292,"column":8},"end":{"line":292,"column":25}},"128":{"start":{"line":293,"column":8},"end":{"line":300,"column":10}},"129":{"start":{"line":294,"column":12},"end":{"line":294,"column":29}},"130":{"start":{"line":295,"column":12},"end":{"line":295,"column":34}},"131":{"start":{"line":296,"column":12},"end":{"line":299,"column":13}},"132":{"start":{"line":297,"column":16},"end":{"line":297,"column":53}},"133":{"start":{"line":298,"column":16},"end":{"line":298,"column":152}},"134":{"start":{"line":301,"column":8},"end":{"line":301,"column":33}},"135":{"start":{"line":302,"column":8},"end":{"line":302,"column":25}},"136":{"start":{"line":303,"column":8},"end":{"line":320,"column":9}},"137":{"start":{"line":304,"column":12},"end":{"line":314,"column":14}},"138":{"start":{"line":305,"column":16},"end":{"line":305,"column":54}},"139":{"start":{"line":306,"column":16},"end":{"line":308,"column":17}},"140":{"start":{"line":307,"column":20},"end":{"line":307,"column":220}},"141":{"start":{"line":309,"column":16},"end":{"line":313,"column":18}},"142":{"start":{"line":316,"column":12},"end":{"line":318,"column":14}},"143":{"start":{"line":328,"column":0},"end":{"line":334,"column":2}},"144":{"start":{"line":329,"column":4},"end":{"line":329,"column":33}},"145":{"start":{"line":330,"column":4},"end":{"line":333,"column":6}},"146":{"start":{"line":331,"column":8},"end":{"line":331,"column":55}},"147":{"start":{"line":332,"column":8},"end":{"line":332,"column":34}},"148":{"start":{"line":340,"column":0},"end":{"line":355,"column":2}},"149":{"start":{"line":351,"column":4},"end":{"line":354,"column":5}},"150":{"start":{"line":352,"column":8},"end":{"line":352,"column":63}},"151":{"start":{"line":353,"column":16},"end":{"line":353,"column":37}},"152":{"start":{"line":360,"column":0},"end":{"line":391,"column":2}},"153":{"start":{"line":361,"column":4},"end":{"line":361,"column":21}},"154":{"start":{"line":362,"column":4},"end":{"line":390,"column":6}},"155":{"start":{"line":363,"column":8},"end":{"line":363,"column":25}},"156":{"start":{"line":364,"column":8},"end":{"line":364,"column":30}},"157":{"start":{"line":365,"column":8},"end":{"line":368,"column":9}},"158":{"start":{"line":366,"column":12},"end":{"line":366,"column":49}},"159":{"start":{"line":367,"column":12},"end":{"line":367,"column":148}},"160":{"start":{"line":371,"column":8},"end":{"line":389,"column":10}},"161":{"start":{"line":372,"column":12},"end":{"line":372,"column":35}},"162":{"start":{"line":373,"column":12},"end":{"line":384,"column":14}},"163":{"start":{"line":374,"column":16},"end":{"line":374,"column":54}},"164":{"start":{"line":375,"column":16},"end":{"line":375,"column":33}},"165":{"start":{"line":376,"column":16},"end":{"line":378,"column":17}},"166":{"start":{"line":377,"column":20},"end":{"line":377,"column":220}},"167":{"start":{"line":379,"column":16},"end":{"line":383,"column":18}},"168":{"start":{"line":393,"column":0},"end":{"line":397,"column":2}},"169":{"start":{"line":394,"column":4},"end":{"line":396,"column":6}},"170":{"start":{"line":400,"column":13},"end":{"line":402,"column":2}},"171":{"start":{"line":401,"column":4},"end":{"line":401,"column":49}},"172":{"start":{"line":405,"column":0},"end":{"line":410,"column":1}}},"fnMap":{"0":{"name":"(anonymous_0)","decl":{"start":{"line":41,"column":18},"end":{"line":41,"column":19}},"loc":{"start":{"line":41,"column":24},"end":{"line":48,"column":1}},"line":41},"1":{"name":"(anonymous_1)","decl":{"start":{"line":42,"column":23},"end":{"line":42,"column":24}},"loc":{"start":{"line":42,"column":34},"end":{"line":47,"column":5}},"line":42},"2":{"name":"(anonymous_2)","decl":{"start":{"line":43,"column":41},"end":{"line":43,"column":42}},"loc":{"start":{"line":43,"column":69},"end":{"line":46,"column":9}},"line":43},"3":{"name":"(anonymous_3)","decl":{"start":{"line":50,"column":19},"end":{"line":50,"column":20}},"loc":{"start":{"line":50,"column":29},"end":{"line":58,"column":1}},"line":50},"4":{"name":"(anonymous_4)","decl":{"start":{"line":51,"column":23},"end":{"line":51,"column":24}},"loc":{"start":{"line":51,"column":34},"end":{"line":57,"column":5}},"line":51},"5":{"name":"(anonymous_5)","decl":{"start":{"line":53,"column":76},"end":{"line":53,"column":77}},"loc":{"start":{"line":53,"column":104},"end":{"line":56,"column":9}},"line":53},"6":{"name":"(anonymous_6)","decl":{"start":{"line":60,"column":21},"end":{"line":60,"column":22}},"loc":{"start":{"line":60,"column":41},"end":{"line":75,"column":1}},"line":60},"7":{"name":"(anonymous_7)","decl":{"start":{"line":61,"column":23},"end":{"line":61,"column":24}},"loc":{"start":{"line":61,"column":50},"end":{"line":74,"column":5}},"line":61},"8":{"name":"(anonymous_8)","decl":{"start":{"line":63,"column":112},"end":{"line":63,"column":113}},"loc":{"start":{"line":63,"column":140},"end":{"line":72,"column":9}},"line":63},"9":{"name":"(anonymous_9)","decl":{"start":{"line":77,"column":19},"end":{"line":77,"column":20}},"loc":{"start":{"line":77,"column":39},"end":{"line":79,"column":1}},"line":77},"10":{"name":"(anonymous_10)","decl":{"start":{"line":87,"column":12},"end":{"line":87,"column":13}},"loc":{"start":{"line":87,"column":35},"end":{"line":127,"column":1}},"line":87},"11":{"name":"(anonymous_11)","decl":{"start":{"line":88,"column":23},"end":{"line":88,"column":24}},"loc":{"start":{"line":88,"column":30},"end":{"line":126,"column":5}},"line":88},"12":{"name":"(anonymous_12)","decl":{"start":{"line":89,"column":39},"end":{"line":89,"column":40}},"loc":{"start":{"line":89,"column":46},"end":{"line":119,"column":9}},"line":89},"13":{"name":"(anonymous_13)","decl":{"start":{"line":90,"column":50},"end":{"line":90,"column":51}},"loc":{"start":{"line":90,"column":57},"end":{"line":118,"column":13}},"line":90},"14":{"name":"(anonymous_14)","decl":{"start":{"line":99,"column":49},"end":{"line":99,"column":50}},"loc":{"start":{"line":99,"column":64},"end":{"line":117,"column":17}},"line":99},"15":{"name":"(anonymous_15)","decl":{"start":{"line":101,"column":76},"end":{"line":101,"column":77}},"loc":{"start":{"line":101,"column":91},"end":{"line":112,"column":21}},"line":101},"16":{"name":"(anonymous_16)","decl":{"start":{"line":120,"column":12},"end":{"line":120,"column":13}},"loc":{"start":{"line":120,"column":19},"end":{"line":124,"column":13}},"line":120},"17":{"name":"(anonymous_17)","decl":{"start":{"line":136,"column":17},"end":{"line":136,"column":18}},"loc":{"start":{"line":136,"column":36},"end":{"line":151,"column":1}},"line":136},"18":{"name":"(anonymous_18)","decl":{"start":{"line":137,"column":23},"end":{"line":137,"column":24}},"loc":{"start":{"line":137,"column":50},"end":{"line":149,"column":5}},"line":137},"19":{"name":"(anonymous_19)","decl":{"start":{"line":159,"column":13},"end":{"line":159,"column":14}},"loc":{"start":{"line":159,"column":36},"end":{"line":178,"column":1}},"line":159},"20":{"name":"(anonymous_20)","decl":{"start":{"line":160,"column":23},"end":{"line":160,"column":24}},"loc":{"start":{"line":160,"column":30},"end":{"line":177,"column":5}},"line":160},"21":{"name":"(anonymous_21)","decl":{"start":{"line":168,"column":128},"end":{"line":168,"column":129}},"loc":{"start":{"line":168,"column":156},"end":{"line":171,"column":13}},"line":168},"22":{"name":"(anonymous_22)","decl":{"start":{"line":180,"column":16},"end":{"line":180,"column":17}},"loc":{"start":{"line":180,"column":26},"end":{"line":182,"column":1}},"line":180},"23":{"name":"(anonymous_23)","decl":{"start":{"line":184,"column":19},"end":{"line":184,"column":20}},"loc":{"start":{"line":184,"column":25},"end":{"line":192,"column":1}},"line":184},"24":{"name":"(anonymous_24)","decl":{"start":{"line":200,"column":20},"end":{"line":200,"column":21}},"loc":{"start":{"line":200,"column":49},"end":{"line":223,"column":1}},"line":200},"25":{"name":"(anonymous_25)","decl":{"start":{"line":232,"column":20},"end":{"line":232,"column":21}},"loc":{"start":{"line":232,"column":43},"end":{"line":247,"column":1}},"line":232},"26":{"name":"(anonymous_26)","decl":{"start":{"line":253,"column":13},"end":{"line":253,"column":14}},"loc":{"start":{"line":253,"column":36},"end":{"line":255,"column":1}},"line":253},"27":{"name":"(anonymous_27)","decl":{"start":{"line":257,"column":16},"end":{"line":257,"column":17}},"loc":{"start":{"line":257,"column":39},"end":{"line":259,"column":1}},"line":257},"28":{"name":"(anonymous_28)","decl":{"start":{"line":261,"column":19},"end":{"line":261,"column":20}},"loc":{"start":{"line":261,"column":42},"end":{"line":263,"column":1}},"line":261},"29":{"name":"(anonymous_29)","decl":{"start":{"line":265,"column":25},"end":{"line":265,"column":26}},"loc":{"start":{"line":265,"column":48},"end":{"line":269,"column":1}},"line":265},"30":{"name":"(anonymous_30)","decl":{"start":{"line":271,"column":18},"end":{"line":271,"column":19}},"loc":{"start":{"line":271,"column":41},"end":{"line":273,"column":1}},"line":271},"31":{"name":"(anonymous_31)","decl":{"start":{"line":275,"column":29},"end":{"line":275,"column":30}},"loc":{"start":{"line":275,"column":52},"end":{"line":280,"column":1}},"line":275},"32":{"name":"(anonymous_32)","decl":{"start":{"line":278,"column":51},"end":{"line":278,"column":52}},"loc":{"start":{"line":278,"column":66},"end":{"line":279,"column":5}},"line":278},"33":{"name":"(anonymous_33)","decl":{"start":{"line":289,"column":25},"end":{"line":289,"column":26}},"loc":{"start":{"line":289,"column":48},"end":{"line":322,"column":1}},"line":289},"34":{"name":"(anonymous_34)","decl":{"start":{"line":291,"column":32},"end":{"line":291,"column":33}},"loc":{"start":{"line":291,"column":49},"end":{"line":321,"column":5}},"line":291},"35":{"name":"(anonymous_35)","decl":{"start":{"line":293,"column":46},"end":{"line":293,"column":47}},"loc":{"start":{"line":293,"column":53},"end":{"line":300,"column":9}},"line":293},"36":{"name":"(anonymous_36)","decl":{"start":{"line":304,"column":73},"end":{"line":304,"column":74}},"loc":{"start":{"line":304,"column":88},"end":{"line":314,"column":13}},"line":304},"37":{"name":"(anonymous_37)","decl":{"start":{"line":328,"column":25},"end":{"line":328,"column":26}},"loc":{"start":{"line":328,"column":48},"end":{"line":334,"column":1}},"line":328},"38":{"name":"(anonymous_38)","decl":{"start":{"line":330,"column":32},"end":{"line":330,"column":33}},"loc":{"start":{"line":330,"column":49},"end":{"line":333,"column":5}},"line":330},"39":{"name":"(anonymous_39)","decl":{"start":{"line":340,"column":27},"end":{"line":340,"column":28}},"loc":{"start":{"line":340,"column":50},"end":{"line":355,"column":1}},"line":340},"40":{"name":"(anonymous_40)","decl":{"start":{"line":351,"column":67},"end":{"line":351,"column":68}},"loc":{"start":{"line":351,"column":74},"end":{"line":353,"column":5}},"line":351},"41":{"name":"(anonymous_41)","decl":{"start":{"line":353,"column":7},"end":{"line":353,"column":8}},"loc":{"start":{"line":353,"column":14},"end":{"line":353,"column":39}},"line":353},"42":{"name":"(anonymous_42)","decl":{"start":{"line":360,"column":21},"end":{"line":360,"column":22}},"loc":{"start":{"line":360,"column":44},"end":{"line":391,"column":1}},"line":360},"43":{"name":"(anonymous_43)","decl":{"start":{"line":362,"column":42},"end":{"line":362,"column":43}},"loc":{"start":{"line":362,"column":49},"end":{"line":390,"column":5}},"line":362},"44":{"name":"(anonymous_44)","decl":{"start":{"line":371,"column":41},"end":{"line":371,"column":42}},"loc":{"start":{"line":371,"column":56},"end":{"line":389,"column":9}},"line":371},"45":{"name":"(anonymous_45)","decl":{"start":{"line":373,"column":68},"end":{"line":373,"column":69}},"loc":{"start":{"line":373,"column":83},"end":{"line":384,"column":13}},"line":373},"46":{"name":"(anonymous_46)","decl":{"start":{"line":393,"column":16},"end":{"line":393,"column":17}},"loc":{"start":{"line":393,"column":39},"end":{"line":397,"column":1}},"line":393},"47":{"name":"(anonymous_47)","decl":{"start":{"line":400,"column":30},"end":{"line":400,"column":31}},"loc":{"start":{"line":400,"column":36},"end":{"line":402,"column":1}},"line":400}},"branchMap":{"0":{"loc":{"start":{"line":12,"column":13},"end":{"line":12,"column":37}},"type":"binary-expr","locations":[{"start":{"line":12,"column":13},"end":{"line":12,"column":29}},{"start":{"line":12,"column":33},"end":{"line":12,"column":37}}],"line":12},"1":{"loc":{"start":{"line":66,"column":12},"end":{"line":71,"column":13}},"type":"if","locations":[{"start":{"line":66,"column":12},"end":{"line":71,"column":13}},{"start":{"line":66,"column":12},"end":{"line":71,"column":13}}],"line":66},"2":{"loc":{"start":{"line":141,"column":12},"end":{"line":146,"column":13}},"type":"if","locations":[{"start":{"line":141,"column":12},"end":{"line":146,"column":13}},{"start":{"line":141,"column":12},"end":{"line":146,"column":13}}],"line":141},"3":{"loc":{"start":{"line":141,"column":16},"end":{"line":141,"column":128}},"type":"binary-expr","locations":[{"start":{"line":141,"column":17},"end":{"line":141,"column":58}},{"start":{"line":141,"column":64},"end":{"line":141,"column":127}}],"line":141},"4":{"loc":{"start":{"line":161,"column":8},"end":{"line":176,"column":9}},"type":"if","locations":[{"start":{"line":161,"column":8},"end":{"line":176,"column":9}},{"start":{"line":161,"column":8},"end":{"line":176,"column":9}}],"line":161},"5":{"loc":{"start":{"line":161,"column":12},"end":{"line":161,"column":96}},"type":"binary-expr","locations":[{"start":{"line":161,"column":12},"end":{"line":161,"column":55}},{"start":{"line":161,"column":59},"end":{"line":161,"column":96}}],"line":161},"6":{"loc":{"start":{"line":201,"column":4},"end":{"line":218,"column":5}},"type":"if","locations":[{"start":{"line":201,"column":4},"end":{"line":218,"column":5}},{"start":{"line":201,"column":4},"end":{"line":218,"column":5}}],"line":201},"7":{"loc":{"start":{"line":202,"column":8},"end":{"line":213,"column":9}},"type":"if","locations":[{"start":{"line":202,"column":8},"end":{"line":213,"column":9}},{"start":{"line":202,"column":8},"end":{"line":213,"column":9}}],"line":202},"8":{"loc":{"start":{"line":202,"column":12},"end":{"line":202,"column":81}},"type":"binary-expr","locations":[{"start":{"line":202,"column":12},"end":{"line":202,"column":45}},{"start":{"line":202,"column":49},"end":{"line":202,"column":81}}],"line":202},"9":{"loc":{"start":{"line":205,"column":16},"end":{"line":210,"column":17}},"type":"if","locations":[{"start":{"line":205,"column":16},"end":{"line":210,"column":17}},{"start":{"line":205,"column":16},"end":{"line":210,"column":17}}],"line":205},"10":{"loc":{"start":{"line":233,"column":4},"end":{"line":242,"column":5}},"type":"if","locations":[{"start":{"line":233,"column":4},"end":{"line":242,"column":5}},{"start":{"line":233,"column":4},"end":{"line":242,"column":5}}],"line":233},"11":{"loc":{"start":{"line":233,"column":8},"end":{"line":233,"column":81}},"type":"binary-expr","locations":[{"start":{"line":233,"column":8},"end":{"line":233,"column":44}},{"start":{"line":233,"column":48},"end":{"line":233,"column":81}}],"line":233},"12":{"loc":{"start":{"line":234,"column":8},"end":{"line":241,"column":9}},"type":"if","locations":[{"start":{"line":234,"column":8},"end":{"line":241,"column":9}},{"start":{"line":234,"column":8},"end":{"line":241,"column":9}}],"line":234},"13":{"loc":{"start":{"line":303,"column":8},"end":{"line":320,"column":9}},"type":"if","locations":[{"start":{"line":303,"column":8},"end":{"line":320,"column":9}},{"start":{"line":303,"column":8},"end":{"line":320,"column":9}}],"line":303},"14":{"loc":{"start":{"line":303,"column":12},"end":{"line":303,"column":47}},"type":"binary-expr","locations":[{"start":{"line":303,"column":12},"end":{"line":303,"column":27}},{"start":{"line":303,"column":31},"end":{"line":303,"column":47}}],"line":303}},"s":{"0":1,"1":1,"2":1,"3":1,"4":1,"5":1,"6":1,"7":1,"8":1,"9":1,"10":1,"11":1,"12":1,"13":1,"14":1,"15":1,"16":1,"17":1,"18":1,"19":1,"20":1,"21":1,"22":1,"23":1,"24":0,"25":0,"26":0,"27":1,"28":0,"29":0,"30":0,"31":0,"32":1,"33":0,"34":0,"35":0,"36":0,"37":0,"38":0,"39":0,"40":0,"41":1,"42":0,"43":1,"44":0,"45":0,"46":0,"47":0,"48":0,"49":0,"50":0,"51":0,"52":0,"53":0,"54":0,"55":0,"56":0,"57":0,"58":0,"59":1,"60":2,"61":2,"62":2,"63":2,"64":1,"65":1,"66":1,"67":1,"68":2,"69":1,"70":0,"71":0,"72":0,"73":0,"74":0,"75":0,"76":0,"77":0,"78":0,"79":1,"80":2,"81":1,"82":0,"83":0,"84":0,"85":0,"86":0,"87":1,"88":6,"89":4,"90":2,"91":2,"92":1,"93":1,"94":1,"95":2,"96":2,"97":2,"98":2,"99":1,"100":3,"101":2,"102":1,"103":1,"104":1,"105":1,"106":1,"107":1,"108":1,"109":0,"110":1,"111":0,"112":1,"113":0,"114":1,"115":0,"116":0,"117":0,"118":1,"119":0,"120":1,"121":0,"122":0,"123":0,"124":1,"125":0,"126":0,"127":0,"128":0,"129":0,"130":0,"131":0,"132":0,"133":0,"134":0,"135":0,"136":0,"137":0,"138":0,"139":0,"140":0,"141":0,"142":0,"143":1,"144":0,"145":0,"146":0,"147":0,"148":1,"149":0,"150":0,"151":0,"152":1,"153":0,"154":0,"155":0,"156":0,"157":0,"158":0,"159":0,"160":0,"161":0,"162":0,"163":0,"164":0,"165":0,"166":0,"167":0,"168":1,"169":0,"170":1,"171":0,"172":1},"f":{"0":0,"1":0,"2":0,"3":0,"4":0,"5":0,"6":0,"7":0,"8":0,"9":0,"10":0,"11":0,"12":0,"13":0,"14":0,"15":0,"16":0,"17":2,"18":2,"19":0,"20":0,"21":0,"22":2,"23":0,"24":6,"25":3,"26":0,"27":0,"28":0,"29":0,"30":0,"31":0,"32":0,"33":0,"34":0,"35":0,"36":0,"37":0,"38":0,"39":0,"40":0,"41":0,"42":0,"43":0,"44":0,"45":0,"46":0,"47":0},"b":{"0":[1,1],"1":[0,0],"2":[1,1],"3":[2,2],"4":[0,0],"5":[0,0],"6":[4,2],"7":[2,2],"8":[4,3],"9":[1,1],"10":[2,1],"11":[3,2],"12":[1,1],"13":[0,0],"14":[0,0]},"_coverageSchema":"332fd63041d2c1bcb487cc26dd0d5f7d97098a6c","hash":"0be3c0c6a972b23e2d4da8349c57ef49e713faa3"}
}
