TN:
SF:C:\Users\Viktor\Desktop\Programing\BCIT\HTML\Term2\WorkspaceNodeJs\Starbucks-Project\get_current_ip.js
FN:11,(anonymous_0)
FN:12,(anonymous_1)
FN:15,(anonymous_2)
FNF:3
FNH:0
FNDA:0,(anonymous_0)
FNDA:0,(anonymous_1)
FNDA:0,(anonymous_2)
DA:4,1
DA:5,1
DA:11,1
DA:12,0
DA:13,0
DA:16,0
DA:17,0
DA:20,0
DA:21,0
DA:22,0
DA:23,0
DA:24,0
DA:25,0
DA:34,1
LF:14
LH:4
BRDA:16,0,0,0
BRDA:16,0,1,0
BRF:2
BRH:0
end_of_record
TN:
SF:C:\Users\Viktor\Desktop\Programing\BCIT\HTML\Term2\WorkspaceNodeJs\Starbucks-Project\maps.js
FN:10,(anonymous_0)
FN:11,(anonymous_1)
FN:15,(anonymous_2)
FN:37,(anonymous_3)
FN:38,(anonymous_4)
FN:43,(anonymous_5)
FNF:6
FNH:0
FNDA:0,(anonymous_0)
FNDA:0,(anonymous_1)
FNDA:0,(anonymous_2)
FNDA:0,(anonymous_3)
FNDA:0,(anonymous_4)
FNDA:0,(anonymous_5)
DA:1,1
DA:2,1
DA:3,1
DA:10,1
DA:11,0
DA:12,0
DA:16,0
DA:17,0
DA:19,0
DA:21,0
DA:22,0
DA:24,0
DA:25,0
DA:26,0
DA:37,1
DA:38,0
DA:39,0
DA:44,0
DA:45,0
DA:47,0
DA:48,0
DA:49,0
DA:50,0
DA:60,1
DA:64,1
LF:25
LH:7
BRDA:16,0,0,0
BRDA:16,0,1,0
BRDA:19,1,0,0
BRDA:19,1,1,0
BRDA:44,2,0,0
BRDA:44,2,1,0
BRDA:47,3,0,0
BRDA:47,3,1,0
BRDA:49,4,0,0
BRDA:49,4,1,0
BRF:10
BRH:0
end_of_record
TN:
SF:C:\Users\Viktor\Desktop\Programing\BCIT\HTML\Term2\WorkspaceNodeJs\Starbucks-Project\server.js
FN:41,(anonymous_0)
FN:42,(anonymous_1)
FN:43,(anonymous_2)
FN:50,(anonymous_3)
FN:51,(anonymous_4)
FN:53,(anonymous_5)
FN:60,(anonymous_6)
FN:61,(anonymous_7)
FN:63,(anonymous_8)
FN:77,(anonymous_9)
FN:87,(anonymous_10)
FN:88,(anonymous_11)
FN:89,(anonymous_12)
FN:90,(anonymous_13)
FN:99,(anonymous_14)
FN:101,(anonymous_15)
FN:120,(anonymous_16)
FN:136,(anonymous_17)
FN:137,(anonymous_18)
FN:159,(anonymous_19)
FN:160,(anonymous_20)
FN:168,(anonymous_21)
FN:180,(anonymous_22)
FN:184,(anonymous_23)
FN:200,(anonymous_24)
FN:232,(anonymous_25)
FN:253,(anonymous_26)
FN:257,(anonymous_27)
FN:261,(anonymous_28)
FN:265,(anonymous_29)
FN:271,(anonymous_30)
FN:275,(anonymous_31)
FN:278,(anonymous_32)
FN:289,(anonymous_33)
FN:291,(anonymous_34)
FN:293,(anonymous_35)
FN:304,(anonymous_36)
FN:328,(anonymous_37)
FN:330,(anonymous_38)
FN:340,(anonymous_39)
FN:351,(anonymous_40)
FN:353,(anonymous_41)
FN:360,(anonymous_42)
FN:362,(anonymous_43)
FN:371,(anonymous_44)
FN:373,(anonymous_45)
FN:393,(anonymous_46)
FN:400,(anonymous_47)
FNF:48
FNH:5
FNDA:0,(anonymous_0)
FNDA:0,(anonymous_1)
FNDA:0,(anonymous_2)
FNDA:0,(anonymous_3)
FNDA:0,(anonymous_4)
FNDA:0,(anonymous_5)
FNDA:0,(anonymous_6)
FNDA:0,(anonymous_7)
FNDA:0,(anonymous_8)
FNDA:0,(anonymous_9)
FNDA:0,(anonymous_10)
FNDA:0,(anonymous_11)
FNDA:0,(anonymous_12)
FNDA:0,(anonymous_13)
FNDA:0,(anonymous_14)
FNDA:0,(anonymous_15)
FNDA:0,(anonymous_16)
FNDA:2,(anonymous_17)
FNDA:2,(anonymous_18)
FNDA:0,(anonymous_19)
FNDA:0,(anonymous_20)
FNDA:0,(anonymous_21)
FNDA:2,(anonymous_22)
FNDA:0,(anonymous_23)
FNDA:6,(anonymous_24)
FNDA:3,(anonymous_25)
FNDA:0,(anonymous_26)
FNDA:0,(anonymous_27)
FNDA:0,(anonymous_28)
FNDA:0,(anonymous_29)
FNDA:0,(anonymous_30)
FNDA:0,(anonymous_31)
FNDA:0,(anonymous_32)
FNDA:0,(anonymous_33)
FNDA:0,(anonymous_34)
FNDA:0,(anonymous_35)
FNDA:0,(anonymous_36)
FNDA:0,(anonymous_37)
FNDA:0,(anonymous_38)
FNDA:0,(anonymous_39)
FNDA:0,(anonymous_40)
FNDA:0,(anonymous_41)
FNDA:0,(anonymous_42)
FNDA:0,(anonymous_43)
FNDA:0,(anonymous_44)
FNDA:0,(anonymous_45)
FNDA:0,(anonymous_46)
FNDA:0,(anonymous_47)
DA:1,1
DA:2,1
DA:3,1
DA:4,1
DA:5,1
DA:6,1
DA:7,1
DA:8,1
DA:9,1
DA:11,1
DA:12,1
DA:14,1
DA:15,1
DA:16,1
DA:20,1
DA:21,1
DA:22,1
DA:23,1
DA:24,1
DA:25,1
DA:26,1
DA:32,1
DA:39,1
DA:41,1
DA:42,0
DA:43,0
DA:44,0
DA:50,1
DA:51,0
DA:52,0
DA:53,0
DA:55,0
DA:60,1
DA:61,0
DA:62,0
DA:63,0
DA:64,0
DA:65,0
DA:66,0
DA:67,0
DA:70,0
DA:77,1
DA:78,0
DA:87,1
DA:88,0
DA:89,0
DA:90,0
DA:91,0
DA:93,0
DA:95,0
DA:99,0
DA:100,0
DA:101,0
DA:102,0
DA:103,0
DA:104,0
DA:105,0
DA:107,0
DA:121,0
DA:136,1
DA:137,2
DA:138,2
DA:140,2
DA:141,2
DA:142,1
DA:143,1
DA:144,1
DA:145,1
DA:148,2
DA:159,1
DA:160,0
DA:161,0
DA:162,0
DA:163,0
DA:164,0
DA:168,0
DA:169,0
DA:170,0
DA:173,0
DA:180,1
DA:181,2
DA:184,1
DA:185,0
DA:186,0
DA:188,0
DA:189,0
DA:191,0
DA:200,1
DA:201,6
DA:202,4
DA:203,2
DA:205,2
DA:206,1
DA:209,1
DA:212,1
DA:214,2
DA:217,2
DA:219,2
DA:222,2
DA:232,1
DA:233,3
DA:234,2
DA:235,1
DA:238,1
DA:240,1
DA:243,1
DA:246,1
DA:251,1
DA:253,1
DA:254,0
DA:257,1
DA:258,0
DA:261,1
DA:262,0
DA:265,1
DA:266,0
DA:267,0
DA:268,0
DA:271,1
DA:272,0
DA:275,1
DA:276,0
DA:277,0
DA:278,0
DA:289,1
DA:290,0
DA:291,0
DA:292,0
DA:293,0
DA:294,0
DA:295,0
DA:296,0
DA:297,0
DA:298,0
DA:301,0
DA:302,0
DA:303,0
DA:304,0
DA:305,0
DA:306,0
DA:307,0
DA:309,0
DA:316,0
DA:328,1
DA:329,0
DA:330,0
DA:331,0
DA:332,0
DA:340,1
DA:351,0
DA:352,0
DA:353,0
DA:360,1
DA:361,0
DA:362,0
DA:363,0
DA:364,0
DA:365,0
DA:366,0
DA:367,0
DA:371,0
DA:372,0
DA:373,0
DA:374,0
DA:375,0
DA:376,0
DA:377,0
DA:379,0
DA:393,1
DA:394,0
DA:400,1
DA:401,0
DA:405,1
LF:173
LH:76
BRDA:12,0,0,1
BRDA:12,0,1,1
BRDA:66,1,0,0
BRDA:66,1,1,0
BRDA:141,2,0,1
BRDA:141,2,1,1
BRDA:141,3,0,2
BRDA:141,3,1,2
BRDA:161,4,0,0
BRDA:161,4,1,0
BRDA:161,5,0,0
BRDA:161,5,1,0
BRDA:201,6,0,4
BRDA:201,6,1,2
BRDA:202,7,0,2
BRDA:202,7,1,2
BRDA:202,8,0,4
BRDA:202,8,1,3
BRDA:205,9,0,1
BRDA:205,9,1,1
BRDA:233,10,0,2
BRDA:233,10,1,1
BRDA:233,11,0,3
BRDA:233,11,1,2
BRDA:234,12,0,1
BRDA:234,12,1,1
BRDA:303,13,0,0
BRDA:303,13,1,0
BRDA:303,14,0,0
BRDA:303,14,1,0
BRF:30
BRH:20
end_of_record
